
*** Running vivado
    with args -log boxBlur.vds -m64 -product Vivado -mode batch -messageDb vivado.pb -notrace -source boxBlur.tcl



****** Vivado v2021.2 (64-bit)
  **** SW Build 3367213 on Tue Oct 19 02:48:09 MDT 2021
  **** IP Build 3369179 on Thu Oct 21 08:25:16 MDT 2021
    ** Copyright 1986-2021 Xilinx, Inc. All Rights Reserved.

source boxBlur.tcl -notrace
create_project: Time (s): cpu = 00:00:04 ; elapsed = 00:00:07 . Memory (MB): peak = 1334.047 ; gain = 0.000
INFO: [IP_Flow 19-234] Refreshing IP repositories
INFO: [IP_Flow 19-1700] Loaded user IP repository 'c:/omega/ip_s'.
INFO: [IP_Flow 19-2313] Loaded Vivado IP repository 'C:/Xilinx/Vivado/2021.2/data/ip'.
Command: read_checkpoint -auto_incremental -incremental C:/Omega/IP_S/IP_S.srcs/utils_1/imports/synth_1/imageProcessTop.dcp
INFO: [Vivado 12-5825] Read reference checkpoint from C:/Omega/IP_S/IP_S.srcs/utils_1/imports/synth_1/imageProcessTop.dcp for incremental synthesis
INFO: [Vivado 12-7989] Please ensure there are no constraint changes
Command: synth_design -top boxBlur -part xc7z020clg400-1
Starting synth_design
Attempting to get a license for feature 'Synthesis' and/or device 'xc7z020'
INFO: [Common 17-349] Got license for feature 'Synthesis' and/or device 'xc7z020'
INFO: [Device 21-403] Loading part xc7z020clg400-1
INFO: [Synth 8-7079] Multithreading enabled for synth_design using a maximum of 2 processes.
INFO: [Synth 8-7078] Launching helper process for spawning children vivado processes
INFO: [Synth 8-7075] Helper process launched with PID 44048
---------------------------------------------------------------------------------
Starting RTL Elaboration : Time (s): cpu = 00:00:06 ; elapsed = 00:00:07 . Memory (MB): peak = 1334.047 ; gain = 0.000
---------------------------------------------------------------------------------
INFO: [Synth 8-6157] synthesizing module 'boxBlur' [C:/Omega/IP_S/IP_S.srcs/sources_1/new/boxBlur.v:23]
INFO: [Synth 8-6157] synthesizing module 'control' [C:/Omega/IP_S/IP_S.srcs/sources_1/new/control.v:22]
INFO: [Synth 8-6157] synthesizing module 'lineBuffer' [C:/Omega/IP_S/IP_S.srcs/sources_1/new/lineBuffer.v:23]
INFO: [Synth 8-6155] done synthesizing module 'lineBuffer' (1#1) [C:/Omega/IP_S/IP_S.srcs/sources_1/new/lineBuffer.v:23]
INFO: [Synth 8-6155] done synthesizing module 'control' (2#1) [C:/Omega/IP_S/IP_S.srcs/sources_1/new/control.v:22]
INFO: [Synth 8-6157] synthesizing module 'kernel' [C:/Omega/IP_S/IP_S.srcs/sources_1/new/kernel.v:23]
INFO: [Synth 8-6155] done synthesizing module 'kernel' (3#1) [C:/Omega/IP_S/IP_S.srcs/sources_1/new/kernel.v:23]
INFO: [Synth 8-6157] synthesizing module 'fifo_generator_0' [C:/Omega/IP_S/IP_S.runs/synth_1/.Xil/Vivado-14000-viz/realtime/fifo_generator_0_stub.v:6]
INFO: [Synth 8-6155] done synthesizing module 'fifo_generator_0' (4#1) [C:/Omega/IP_S/IP_S.runs/synth_1/.Xil/Vivado-14000-viz/realtime/fifo_generator_0_stub.v:6]
INFO: [Synth 8-6155] done synthesizing module 'boxBlur' (5#1) [C:/Omega/IP_S/IP_S.srcs/sources_1/new/boxBlur.v:23]
---------------------------------------------------------------------------------
Finished RTL Elaboration : Time (s): cpu = 00:00:07 ; elapsed = 00:00:08 . Memory (MB): peak = 1334.047 ; gain = 0.000
---------------------------------------------------------------------------------
---------------------------------------------------------------------------------
Start Handling Custom Attributes
---------------------------------------------------------------------------------
---------------------------------------------------------------------------------
Finished Handling Custom Attributes : Time (s): cpu = 00:00:08 ; elapsed = 00:00:09 . Memory (MB): peak = 1334.047 ; gain = 0.000
---------------------------------------------------------------------------------
---------------------------------------------------------------------------------
Finished RTL Optimization Phase 1 : Time (s): cpu = 00:00:08 ; elapsed = 00:00:09 . Memory (MB): peak = 1334.047 ; gain = 0.000
---------------------------------------------------------------------------------
Netlist sorting complete. Time (s): cpu = 00:00:00 ; elapsed = 00:00:00.006 . Memory (MB): peak = 1334.047 ; gain = 0.000
INFO: [Project 1-570] Preparing netlist for logic optimization

Processing XDC Constraints
Initializing timing engine
Parsing XDC File [c:/Omega/IP_S/IP_S.gen/sources_1/ip/fifo_generator_0/fifo_generator_0/fifo_generator_0_in_context.xdc] for cell 'buffer'
Finished Parsing XDC File [c:/Omega/IP_S/IP_S.gen/sources_1/ip/fifo_generator_0/fifo_generator_0/fifo_generator_0_in_context.xdc] for cell 'buffer'
Completed Processing XDC Constraints

Netlist sorting complete. Time (s): cpu = 00:00:00 ; elapsed = 00:00:00 . Memory (MB): peak = 1375.180 ; gain = 0.000
INFO: [Project 1-111] Unisim Transformation Summary:
No Unisim elements were transformed.

Constraint Validation Runtime : Time (s): cpu = 00:00:00 ; elapsed = 00:00:00.009 . Memory (MB): peak = 1375.180 ; gain = 0.000
---------------------------------------------------------------------------------
Finished Constraint Validation : Time (s): cpu = 00:00:16 ; elapsed = 00:00:18 . Memory (MB): peak = 1375.180 ; gain = 41.133
---------------------------------------------------------------------------------
---------------------------------------------------------------------------------
Start Loading Part and Timing Information
---------------------------------------------------------------------------------
Loading part: xc7z020clg400-1
---------------------------------------------------------------------------------
Finished Loading Part and Timing Information : Time (s): cpu = 00:00:16 ; elapsed = 00:00:18 . Memory (MB): peak = 1375.180 ; gain = 41.133
---------------------------------------------------------------------------------
---------------------------------------------------------------------------------
Start Applying 'set_property' XDC Constraints
---------------------------------------------------------------------------------
Applied set_property KEEP_HIERARCHY = SOFT for buffer. (constraint file  auto generated constraint).
---------------------------------------------------------------------------------
Finished applying 'set_property' XDC Constraints : Time (s): cpu = 00:00:16 ; elapsed = 00:00:18 . Memory (MB): peak = 1375.180 ; gain = 41.133
---------------------------------------------------------------------------------
---------------------------------------------------------------------------------
Start Preparing Guide Design
---------------------------------------------------------------------------------
CRITICAL WARNING: [Synth 8-6895] The reference checkpoint C:/Omega/IP_S/IP_S.srcs/utils_1/imports/synth_1/imageProcessTop.dcp is not suitable for use with incremental synthesis for this design. Please regenerate the checkpoint for this design with -incremental_synth switch in the same Vivado session that synth_design has been run. Synthesis will continue with the default flow
---------------------------------------------------------------------------------
Finished Doing Graph Differ : Time (s): cpu = 00:00:16 ; elapsed = 00:00:18 . Memory (MB): peak = 1375.180 ; gain = 41.133
---------------------------------------------------------------------------------
---------------------------------------------------------------------------------
Finished Preparing Guide Design : Time (s): cpu = 00:00:16 ; elapsed = 00:00:18 . Memory (MB): peak = 1375.180 ; gain = 41.133
---------------------------------------------------------------------------------
---------------------------------------------------------------------------------
Finished RTL Optimization Phase 2 : Time (s): cpu = 00:00:16 ; elapsed = 00:00:18 . Memory (MB): peak = 1375.180 ; gain = 41.133
---------------------------------------------------------------------------------


Incremental Synthesis Report Summary:

1. Incremental synthesis run: no

   Reason for not running incremental synthesis : 


INFO: [Synth 8-7130] Flow is switching to default flow due to incremental criteria not met. If you would like to alter this behaviour and have the flow terminate instead, please set the following parameter config_implementation {autoIncr.Synth.RejectBehavior Terminate}
---------------------------------------------------------------------------------
Start RTL Component Statistics 
---------------------------------------------------------------------------------
Detailed RTL Component Info : 
+---Adders : 
	   9 Input   12 Bit       Adders := 1     
	   2 Input    9 Bit       Adders := 18    
	   2 Input    2 Bit       Adders := 2     
+---Registers : 
	               12 Bit    Registers := 1     
	                9 Bit    Registers := 10    
	                8 Bit    Registers := 10    
	                2 Bit    Registers := 2     
	                1 Bit    Registers := 5     
+---Muxes : 
	   4 Input   72 Bit        Muxes := 1     
	   4 Input    4 Bit        Muxes := 1     
	   2 Input    1 Bit        Muxes := 4     
	   3 Input    1 Bit        Muxes := 1     
---------------------------------------------------------------------------------
Finished RTL Component Statistics 
---------------------------------------------------------------------------------
---------------------------------------------------------------------------------
Start Part Resource Summary
---------------------------------------------------------------------------------
Part Resources:
DSPs: 220 (col length:60)
BRAMs: 280 (col length: RAMB18 60 RAMB36 30)
---------------------------------------------------------------------------------
Finished Part Resource Summary
---------------------------------------------------------------------------------
---------------------------------------------------------------------------------
Start Cross Boundary and Area Optimization
---------------------------------------------------------------------------------
WARNING: [Synth 8-7080] Parallel synthesis criteria is not met
---------------------------------------------------------------------------------
Finished Cross Boundary and Area Optimization : Time (s): cpu = 00:00:23 ; elapsed = 00:00:25 . Memory (MB): peak = 1375.180 ; gain = 41.133
---------------------------------------------------------------------------------
---------------------------------------------------------------------------------
Start ROM, RAM, DSP, Shift Register and Retiming Reporting
---------------------------------------------------------------------------------

Distributed RAM: Preliminary Mapping Report (see note below)
+------------+----------------------+-----------+----------------------+--------------+
|Module Name | RTL Object           | Inference | Size (Depth x Width) | Primitives   | 
+------------+----------------------+-----------+----------------------+--------------+
|boxBlur     | control/lB2/line_reg | Implied   | 512 x 8              | RAM64M x 72  | 
|boxBlur     | control/lB1/line_reg | Implied   | 512 x 8              | RAM64M x 72  | 
|boxBlur     | control/lB0/line_reg | Implied   | 512 x 8              | RAM64M x 72  | 
|boxBlur     | control/lB3/line_reg | Implied   | 512 x 8              | RAM64M x 72  | 
+------------+----------------------+-----------+----------------------+--------------+

Note: The table above is a preliminary report that shows the Distributed RAMs at the current stage of the synthesis flow. Some Distributed RAMs may be reimplemented as non Distributed RAM primitives later in the synthesis flow. Multiple instantiated RAMs are reported only once.
---------------------------------------------------------------------------------
Finished ROM, RAM, DSP, Shift Register and Retiming Reporting
---------------------------------------------------------------------------------
---------------------------------------------------------------------------------
Start Applying XDC Timing Constraints
---------------------------------------------------------------------------------
---------------------------------------------------------------------------------
Finished Applying XDC Timing Constraints : Time (s): cpu = 00:00:29 ; elapsed = 00:00:32 . Memory (MB): peak = 1375.180 ; gain = 41.133
---------------------------------------------------------------------------------
---------------------------------------------------------------------------------
Start Timing Optimization
---------------------------------------------------------------------------------
---------------------------------------------------------------------------------
Finished Timing Optimization : Time (s): cpu = 00:00:29 ; elapsed = 00:00:32 . Memory (MB): peak = 1375.180 ; gain = 41.133
---------------------------------------------------------------------------------
---------------------------------------------------------------------------------
Start ROM, RAM, DSP, Shift Register and Retiming Reporting
---------------------------------------------------------------------------------

Distributed RAM: Final Mapping Report
+------------+----------------------+-----------+----------------------+--------------+
|Module Name | RTL Object           | Inference | Size (Depth x Width) | Primitives   | 
+------------+----------------------+-----------+----------------------+--------------+
|boxBlur     | control/lB2/line_reg | Implied   | 512 x 8              | RAM64M x 72  | 
|boxBlur     | control/lB1/line_reg | Implied   | 512 x 8              | RAM64M x 72  | 
|boxBlur     | control/lB0/line_reg | Implied   | 512 x 8              | RAM64M x 72  | 
|boxBlur     | control/lB3/line_reg | Implied   | 512 x 8              | RAM64M x 72  | 
+------------+----------------------+-----------+----------------------+--------------+

---------------------------------------------------------------------------------
Finished ROM, RAM, DSP, Shift Register and Retiming Reporting
---------------------------------------------------------------------------------
---------------------------------------------------------------------------------
Start Technology Mapping
---------------------------------------------------------------------------------
---------------------------------------------------------------------------------
Finished Technology Mapping : Time (s): cpu = 00:00:29 ; elapsed = 00:00:32 . Memory (MB): peak = 1378.535 ; gain = 44.488
---------------------------------------------------------------------------------
---------------------------------------------------------------------------------
Start IO Insertion
---------------------------------------------------------------------------------
---------------------------------------------------------------------------------
Start Flattening Before IO Insertion
---------------------------------------------------------------------------------
---------------------------------------------------------------------------------
Finished Flattening Before IO Insertion
---------------------------------------------------------------------------------
---------------------------------------------------------------------------------
Start Final Netlist Cleanup
---------------------------------------------------------------------------------
---------------------------------------------------------------------------------
Finished Final Netlist Cleanup
---------------------------------------------------------------------------------
---------------------------------------------------------------------------------
Finished IO Insertion : Time (s): cpu = 00:00:34 ; elapsed = 00:00:38 . Memory (MB): peak = 1392.348 ; gain = 58.301
---------------------------------------------------------------------------------
---------------------------------------------------------------------------------
Start Renaming Generated Instances
---------------------------------------------------------------------------------
---------------------------------------------------------------------------------
Finished Renaming Generated Instances : Time (s): cpu = 00:00:34 ; elapsed = 00:00:38 . Memory (MB): peak = 1392.348 ; gain = 58.301
---------------------------------------------------------------------------------
---------------------------------------------------------------------------------
Start Rebuilding User Hierarchy
---------------------------------------------------------------------------------
---------------------------------------------------------------------------------
Finished Rebuilding User Hierarchy : Time (s): cpu = 00:00:35 ; elapsed = 00:00:38 . Memory (MB): peak = 1392.348 ; gain = 58.301
---------------------------------------------------------------------------------
---------------------------------------------------------------------------------
Start Renaming Generated Ports
---------------------------------------------------------------------------------
---------------------------------------------------------------------------------
Finished Renaming Generated Ports : Time (s): cpu = 00:00:35 ; elapsed = 00:00:38 . Memory (MB): peak = 1392.348 ; gain = 58.301
---------------------------------------------------------------------------------
---------------------------------------------------------------------------------
Start Handling Custom Attributes
---------------------------------------------------------------------------------
---------------------------------------------------------------------------------
Finished Handling Custom Attributes : Time (s): cpu = 00:00:35 ; elapsed = 00:00:38 . Memory (MB): peak = 1392.348 ; gain = 58.301
---------------------------------------------------------------------------------
---------------------------------------------------------------------------------
Start Renaming Generated Nets
---------------------------------------------------------------------------------
---------------------------------------------------------------------------------
Finished Renaming Generated Nets : Time (s): cpu = 00:00:35 ; elapsed = 00:00:38 . Memory (MB): peak = 1392.348 ; gain = 58.301
---------------------------------------------------------------------------------
---------------------------------------------------------------------------------
Start ROM, RAM, DSP, Shift Register and Retiming Reporting
---------------------------------------------------------------------------------

Static Shift Register Report:
+------------+-----------------------------------+--------+-------+--------------+--------------------+-------------------+--------+---------+
|Module Name | RTL Name                          | Length | Width | Reset Signal | Pull out first Reg | Pull out last Reg | SRL16E | SRLC32E | 
+------------+-----------------------------------+--------+-------+--------------+--------------------+-------------------+--------+---------+
|boxBlur     | kernel/o_convolved_data_valid_reg | 3      | 1     | NO           | NO                 | YES               | 1      | 0       | 
+------------+-----------------------------------+--------+-------+--------------+--------------------+-------------------+--------+---------+

---------------------------------------------------------------------------------
Finished ROM, RAM, DSP, Shift Register and Retiming Reporting
---------------------------------------------------------------------------------
---------------------------------------------------------------------------------
Start Writing Synthesis Report
---------------------------------------------------------------------------------

Report BlackBoxes: 
+------+-----------------+----------+
|      |BlackBox name    |Instances |
+------+-----------------+----------+
|1     |fifo_generator_0 |         1|
+------+-----------------+----------+

Report Cell Usage: 
+------+---------------+------+
|      |Cell           |Count |
+------+---------------+------+
|1     |fifo_generator |     1|
|2     |BUFG           |     1|
|3     |CARRY4         |    15|
|4     |LUT1           |    16|
|5     |LUT2           |    26|
|6     |LUT3           |    96|
|7     |LUT4           |    59|
|8     |LUT5           |    35|
|9     |LUT6           |   338|
|10    |MUXF7          |    96|
|11    |RAM64M         |   288|
|12    |SRL16E         |     1|
|13    |FDRE           |   210|
|14    |IBUF           |    12|
|15    |OBUF           |    11|
+------+---------------+------+
---------------------------------------------------------------------------------
Finished Writing Synthesis Report : Time (s): cpu = 00:00:35 ; elapsed = 00:00:38 . Memory (MB): peak = 1392.348 ; gain = 58.301
---------------------------------------------------------------------------------
Synthesis finished with 0 errors, 1 critical warnings and 1 warnings.
Synthesis Optimization Runtime : Time (s): cpu = 00:00:25 ; elapsed = 00:00:36 . Memory (MB): peak = 1392.348 ; gain = 17.168
Synthesis Optimization Complete : Time (s): cpu = 00:00:35 ; elapsed = 00:00:38 . Memory (MB): peak = 1392.348 ; gain = 58.301
INFO: [Project 1-571] Translating synthesized netlist
Netlist sorting complete. Time (s): cpu = 00:00:00 ; elapsed = 00:00:00.023 . Memory (MB): peak = 1404.414 ; gain = 0.000
INFO: [Netlist 29-17] Analyzing 399 Unisim elements for replacement
INFO: [Netlist 29-28] Unisim Transformation completed in 0 CPU seconds
INFO: [Project 1-570] Preparing netlist for logic optimization
INFO: [Opt 31-138] Pushed 0 inverter(s) to 0 load pin(s).
Netlist sorting complete. Time (s): cpu = 00:00:00 ; elapsed = 00:00:00 . Memory (MB): peak = 1408.109 ; gain = 0.000
INFO: [Project 1-111] Unisim Transformation Summary:
  A total of 288 instances were transformed.
  RAM64M => RAM64M (RAMD64E(x4)): 288 instances

Synth Design complete, checksum: a9835d59
INFO: [Common 17-83] Releasing license: Synthesis
30 Infos, 1 Warnings, 1 Critical Warnings and 0 Errors encountered.
synth_design completed successfully
synth_design: Time (s): cpu = 00:00:42 ; elapsed = 00:00:53 . Memory (MB): peak = 1408.109 ; gain = 74.062
INFO: [runtcl-6] Synthesis results are not added to the cache due to CRITICAL_WARNING
INFO: [Common 17-1381] The checkpoint 'C:/Omega/IP_S/IP_S.runs/synth_1/boxBlur.dcp' has been generated.
INFO: [runtcl-4] Executing : report_utilization -file boxBlur_utilization_synth.rpt -pb boxBlur_utilization_synth.pb
INFO: [Common 17-206] Exiting Vivado at Thu May  1 14:32:38 2025...
